simulator/build/intermediates/manifest_merge_blame_file/debug/processDebugMainManifest/manifest-merger-blame-debug-report.txt
1<?xml version="1.0" encoding="utf-8"?>
2<manifest xmlns:android="http://schemas.android.com/apk/res/android"
3    package="com.race.gps.simulator"
4    android:versionCode="1"
5    android:versionName="1.0" >
6
7    <uses-sdk
8        android:minSdkVersion="21"
9        android:targetSdkVersion="34" />
10
11    <!-- BLE权限 -->
12    <uses-permission
12-->src/main/AndroidManifest.xml:6:5-7:38
13        android:name="android.permission.BLUETOOTH"
13-->src/main/AndroidManifest.xml:6:22-65
14        android:maxSdkVersion="30" />
14-->src/main/AndroidManifest.xml:7:9-35
15    <uses-permission
15-->src/main/AndroidManifest.xml:8:5-9:38
16        android:name="android.permission.BLUETOOTH_ADMIN"
16-->src/main/AndroidManifest.xml:8:22-71
17        android:maxSdkVersion="30" />
17-->src/main/AndroidManifest.xml:9:9-35
18    <uses-permission android:name="android.permission.BLUETOOTH_CONNECT" />
18-->src/main/AndroidManifest.xml:10:5-76
18-->src/main/AndroidManifest.xml:10:22-73
19    <uses-permission android:name="android.permission.BLUETOOTH_ADVERTISE" />
19-->src/main/AndroidManifest.xml:11:5-78
19-->src/main/AndroidManifest.xml:11:22-75
20    <uses-permission
20-->src/main/AndroidManifest.xml:12:5-13:58
21        android:name="android.permission.BLUETOOTH_SCAN"
21-->src/main/AndroidManifest.xml:12:22-70
22        android:usesPermissionFlags="neverForLocation" />
22-->src/main/AndroidManifest.xml:13:9-55
23
24    <!-- Android 12+ BLE权限 -->
25    <uses-permission android:name="android.permission.BLUETOOTH_CONNECT" />
25-->src/main/AndroidManifest.xml:10:5-76
25-->src/main/AndroidManifest.xml:10:22-73
26    <uses-permission android:name="android.permission.BLUETOOTH_ADVERTISE" />
26-->src/main/AndroidManifest.xml:11:5-78
26-->src/main/AndroidManifest.xml:11:22-75
27
28    <!-- 位置权限 (BLE需要，即使不使用位置) -->
29    <uses-permission android:name="android.permission.ACCESS_FINE_LOCATION" />
29-->src/main/AndroidManifest.xml:20:5-79
29-->src/main/AndroidManifest.xml:20:22-76
30    <uses-permission android:name="android.permission.ACCESS_COARSE_LOCATION" />
30-->src/main/AndroidManifest.xml:21:5-81
30-->src/main/AndroidManifest.xml:21:22-78
31
32    <permission
32-->[androidx.core:core:1.10.1] AndroidManifest.xml:22:5-24:47
33        android:name="com.race.gps.simulator.DYNAMIC_RECEIVER_NOT_EXPORTED_PERMISSION"
33-->[androidx.core:core:1.10.1] AndroidManifest.xml:23:9-81
34        android:protectionLevel="signature" />
34-->[androidx.core:core:1.10.1] AndroidManifest.xml:24:9-44
35
36    <uses-permission android:name="com.race.gps.simulator.DYNAMIC_RECEIVER_NOT_EXPORTED_PERMISSION" />
36-->[androidx.core:core:1.10.1] AndroidManifest.xml:26:5-97
36-->[androidx.core:core:1.10.1] AndroidManifest.xml:26:22-94
37
38    <application
38-->src/main/AndroidManifest.xml:23:5-38:19
39        android:allowBackup="true"
39-->src/main/AndroidManifest.xml:24:9-35
40        android:appComponentFactory="androidx.core.app.CoreComponentFactory"
40-->[androidx.core:core:1.10.1] AndroidManifest.xml:28:18-86
41        android:debuggable="true"
42        android:extractNativeLibs="true"
43        android:label="@string/app_name"
43-->src/main/AndroidManifest.xml:25:9-41
44        android:supportsRtl="true"
44-->src/main/AndroidManifest.xml:26:9-35
45        android:theme="@style/Theme.GPSSimulator" >
45-->src/main/AndroidManifest.xml:27:9-50
46        <activity
46-->src/main/AndroidManifest.xml:29:9-37:20
47            android:name="com.race.gps.simulator.MainActivity"
47-->src/main/AndroidManifest.xml:30:13-41
48            android:exported="true"
48-->src/main/AndroidManifest.xml:31:13-36
49            android:theme="@style/Theme.GPSSimulator" >
49-->src/main/AndroidManifest.xml:32:13-54
50            <intent-filter>
50-->src/main/AndroidManifest.xml:33:13-36:29
51                <action android:name="android.intent.action.MAIN" />
51-->src/main/AndroidManifest.xml:34:17-69
51-->src/main/AndroidManifest.xml:34:25-66
52
53                <category android:name="android.intent.category.LAUNCHER" />
53-->src/main/AndroidManifest.xml:35:17-77
53-->src/main/AndroidManifest.xml:35:27-74
54            </intent-filter>
55        </activity>
56        <activity
56-->[androidx.compose.ui:ui-test-manifest:1.5.0] AndroidManifest.xml:23:9-25:39
57            android:name="androidx.activity.ComponentActivity"
57-->[androidx.compose.ui:ui-test-manifest:1.5.0] AndroidManifest.xml:24:13-63
58            android:exported="true" />
58-->[androidx.compose.ui:ui-test-manifest:1.5.0] AndroidManifest.xml:25:13-36
59        <activity
59-->[androidx.compose.ui:ui-tooling-android:1.5.0] AndroidManifest.xml:23:9-25:39
60            android:name="androidx.compose.ui.tooling.PreviewActivity"
60-->[androidx.compose.ui:ui-tooling-android:1.5.0] AndroidManifest.xml:24:13-71
61            android:exported="true" />
61-->[androidx.compose.ui:ui-tooling-android:1.5.0] AndroidManifest.xml:25:13-36
62
63        <provider
63-->[androidx.emoji2:emoji2:1.4.0] AndroidManifest.xml:24:9-32:20
64            android:name="androidx.startup.InitializationProvider"
64-->[androidx.emoji2:emoji2:1.4.0] AndroidManifest.xml:25:13-67
65            android:authorities="com.race.gps.simulator.androidx-startup"
65-->[androidx.emoji2:emoji2:1.4.0] AndroidManifest.xml:26:13-68
66            android:exported="false" >
66-->[androidx.emoji2:emoji2:1.4.0] AndroidManifest.xml:27:13-37
67            <meta-data
67-->[androidx.emoji2:emoji2:1.4.0] AndroidManifest.xml:29:13-31:52
68                android:name="androidx.emoji2.text.EmojiCompatInitializer"
68-->[androidx.emoji2:emoji2:1.4.0] AndroidManifest.xml:30:17-75
69                android:value="androidx.startup" />
69-->[androidx.emoji2:emoji2:1.4.0] AndroidManifest.xml:31:17-49
70            <meta-data
70-->[androidx.lifecycle:lifecycle-process:2.6.2] AndroidManifest.xml:29:13-31:52
71                android:name="androidx.lifecycle.ProcessLifecycleInitializer"
71-->[androidx.lifecycle:lifecycle-process:2.6.2] AndroidManifest.xml:30:17-78
72                android:value="androidx.startup" />
72-->[androidx.lifecycle:lifecycle-process:2.6.2] AndroidManifest.xml:31:17-49
73            <meta-data
73-->[androidx.profileinstaller:profileinstaller:1.3.0] AndroidManifest.xml:29:13-31:52
74                android:name="androidx.profileinstaller.ProfileInstallerInitializer"
74-->[androidx.profileinstaller:profileinstaller:1.3.0] AndroidManifest.xml:30:17-85
75                android:value="androidx.startup" />
75-->[androidx.profileinstaller:profileinstaller:1.3.0] AndroidManifest.xml:31:17-49
76        </provider>
77
78        <receiver
78-->[androidx.profileinstaller:profileinstaller:1.3.0] AndroidManifest.xml:34:9-52:20
79            android:name="androidx.profileinstaller.ProfileInstallReceiver"
79-->[androidx.profileinstaller:profileinstaller:1.3.0] AndroidManifest.xml:35:13-76
80            android:directBootAware="false"
80-->[androidx.profileinstaller:profileinstaller:1.3.0] AndroidManifest.xml:36:13-44
81            android:enabled="true"
81-->[androidx.profileinstaller:profileinstaller:1.3.0] AndroidManifest.xml:37:13-35
82            android:exported="true"
82-->[androidx.profileinstaller:profileinstaller:1.3.0] AndroidManifest.xml:38:13-36
83            android:permission="android.permission.DUMP" >
83-->[androidx.profileinstaller:profileinstaller:1.3.0] AndroidManifest.xml:39:13-57
84            <intent-filter>
84-->[androidx.profileinstaller:profileinstaller:1.3.0] AndroidManifest.xml:40:13-42:29
85                <action android:name="androidx.profileinstaller.action.INSTALL_PROFILE" />
85-->[androidx.profileinstaller:profileinstaller:1.3.0] AndroidManifest.xml:41:17-91
85-->[androidx.profileinstaller:profileinstaller:1.3.0] AndroidManifest.xml:41:25-88
86            </intent-filter>
87            <intent-filter>
87-->[androidx.profileinstaller:profileinstaller:1.3.0] AndroidManifest.xml:43:13-45:29
88                <action android:name="androidx.profileinstaller.action.SKIP_FILE" />
88-->[androidx.profileinstaller:profileinstaller:1.3.0] AndroidManifest.xml:44:17-85
88-->[androidx.profileinstaller:profileinstaller:1.3.0] AndroidManifest.xml:44:25-82
89            </intent-filter>
90            <intent-filter>
90-->[androidx.profileinstaller:profileinstaller:1.3.0] AndroidManifest.xml:46:13-48:29
91                <action android:name="androidx.profileinstaller.action.SAVE_PROFILE" />
91-->[androidx.profileinstaller:profileinstaller:1.3.0] AndroidManifest.xml:47:17-88
91-->[androidx.profileinstaller:profileinstaller:1.3.0] AndroidManifest.xml:47:25-85
92            </intent-filter>
93            <intent-filter>
93-->[androidx.profileinstaller:profileinstaller:1.3.0] AndroidManifest.xml:49:13-51:29
94                <action android:name="androidx.profileinstaller.action.BENCHMARK_OPERATION" />
94-->[androidx.profileinstaller:profileinstaller:1.3.0] AndroidManifest.xml:50:17-95
94-->[androidx.profileinstaller:profileinstaller:1.3.0] AndroidManifest.xml:50:25-92
95            </intent-filter>
96        </receiver>
97    </application>
98
99</manifest>